<?xml version="1.0" encoding="UTF-8"?>
<!-- Generated by org.testng.reporters.JUnitReportReporter -->
<testsuite skipped="0" hostname="DESKTOP-N81KL6V" name="test.LoginTest" tests="1" failures="0" timestamp="18 Nov 2020 13:49:37 GMT" time="4.564" errors="0">
  <testcase name="validUserShouldBeAbleToLogin" time="4.564" classname="test.LoginTest"/>
</testsuite> <!-- test.LoginTest -->
