<?xml version="1.0" encoding="UTF-8"?>
<!-- Generated by org.testng.reporters.JUnitReportReporter -->
<testsuite skipped="0" hostname="DESKTOP-N81KL6V" name="test.RemoveItemTest" tests="1" failures="0" timestamp="07 Nov 2020 19:16:21 GMT" time="16.892" errors="0">
  <testcase name="UserShouldBeAbleToRemoveAnItemOnTheList" time="16.892" classname="test.RemoveItemTest"/>
</testsuite> <!-- test.RemoveItemTest -->
