<?xml version="1.0" encoding="UTF-8"?>
<!-- Generated by org.testng.reporters.JUnitReportReporter -->
<testsuite skipped="0" hostname="DESKTOP-N81KL6V" name="test.ValidateBackgroundColourSkyBlueTest" tests="1" failures="0" timestamp="17 Nov 2020 14:57:32 GMT" time="14.570" errors="0">
  <testcase name="UserShouldBeAbleToChangeBackGroundColourToSkyBlue" time="14.570" classname="test.ValidateBackgroundColourSkyBlueTest"/>
</testsuite> <!-- test.ValidateBackgroundColourSkyBlueTest -->
