<?xml version="1.0" encoding="UTF-8"?>
<!-- Generated by org.testng.reporters.JUnitReportReporter -->
<testsuite skipped="0" hostname="DESKTOP-N81KL6V" name="test.AddDuplicateCategoryValidationTest" tests="1" failures="0" timestamp="19 Nov 2020 18:59:06 GMT" time="15.143" errors="0">
  <testcase name="UserShouldNotBeAbleToAddDuplicateCategory" time="15.143" classname="test.AddDuplicateCategoryValidationTest"/>
</testsuite> <!-- test.AddDuplicateCategoryValidationTest -->
