<?xml version="1.0" encoding="UTF-8"?>
<!-- Generated by org.testng.reporters.JUnitReportReporter -->
<testsuite skipped="0" hostname="DESKTOP-N81KL6V" name="test.RemoveAllTest" tests="1" failures="0" timestamp="17 Nov 2020 14:44:58 GMT" time="15.183" errors="0">
  <testcase name="UserShouldBeAbleToRemoveAllItemsOnTheList" time="15.183" classname="test.RemoveAllTest"/>
</testsuite> <!-- test.RemoveAllTest -->
