<?xml version="1.0" encoding="UTF-8"?>
<!-- Generated by org.testng.reporters.JUnitReportReporter -->
<testsuite skipped="0" hostname="DESKTOP-N81KL6V" name="test.ToggleKeyValidationTest" tests="1" failures="0" timestamp="16 Nov 2020 06:51:10 GMT" time="14.271" errors="0">
  <testcase name="UserShouldBeAbleToClickOnToggleall" time="14.271" classname="test.ToggleKeyValidationTest"/>
</testsuite> <!-- test.ToggleKeyValidationTest -->
