<?xml version="1.0" encoding="UTF-8"?>
<!-- Generated by org.testng.reporters.JUnitReportReporter -->
<testsuite skipped="0" hostname="DESKTOP-N81KL6V" name="LoginTest" tests="1" failures="0" timestamp="06 Nov 2020 18:54:10 GMT" time="4.354" errors="0">
  <testcase name="validUserShouldBeAbleToLogin" time="4.354" classname="LoginTest"/>
</testsuite> <!-- LoginTest -->
