<?xml version="1.0" encoding="UTF-8"?>
<!-- Generated by org.testng.reporters.JUnitReportReporter -->
<testsuite skipped="0" hostname="DESKTOP-N81KL6V" name="test.ValidateMonthTest" tests="1" failures="0" timestamp="19 Nov 2020 18:36:47 GMT" time="26.084" errors="0">
  <testcase name="UserShouldBeAbleToSeeAllTwelveMonth" time="26.084" classname="test.ValidateMonthTest"/>
</testsuite> <!-- test.ValidateMonthTest -->
